<?xml version="1.0" encoding="UTF-8"?>
<testng-results ignored="0" total="1" passed="1" failed="0" skipped="0">
  <reporter-output>
  </reporter-output>
  <suite started-at="2021-12-30T01:12:34 EST" name="Surefire suite" finished-at="2021-12-30T01:12:34 EST" duration-ms="24">
    <groups>
    </groups>
    <test started-at="2021-12-30T01:12:34 EST" name="Surefire test" finished-at="2021-12-30T01:12:34 EST" duration-ms="24">
      <class name="com.piit.Cucumber.AppTest">
        <test-method signature="shouldAnswerWithTrue()" started-at="2021-12-30T01:12:34 EST" name="shouldAnswerWithTrue" finished-at="2021-12-30T01:12:34 EST" duration-ms="3" status="PASS">
          <reporter-output>
          </reporter-output>
        </test-method> <!-- shouldAnswerWithTrue -->
      </class> <!-- com.piit.Cucumber.AppTest -->
    </test> <!-- Surefire test -->
  </suite> <!-- Surefire suite -->
</testng-results>
